# JRE version: OpenJDK Runtime Environment (8.0_91-b14) (build 1.8.0_91-b14)
# Java VM: OpenJDK 64-Bit Server VM (25.91-b14 mixed mode linux-amd64 compressed oops)
Heap:
 PSYoungGen      total 130048K, used 98528K [0x00000000d6c00000, 0x00000000e6a00000, 0x0000000100000000)
  eden space 126976K, 76% used [0x00000000d6c00000,0x00000000dcadc928,0x00000000de800000)
  from space 3072K, 45% used [0x00000000de800000,0x00000000de95b6e8,0x00000000deb00000)
  to   space 3072K, 0% used [0x00000000e6700000,0x00000000e6700000,0x00000000e6a00000)
 ParOldGen       total 84992K, used 29634K [0x0000000084400000, 0x0000000089700000, 0x00000000d6c00000)
  object space 84992K, 34% used [0x0000000084400000,0x00000000860f0930,0x0000000089700000)
 Metaspace       used 12047K, capacity 12220K, committed 12544K, reserved 1060864K
  class space    used 1347K, capacity 1412K, committed 1536K, reserved 1048576K
GC Heap History (10 events):
Event: 0.559 GC heap before
{Heap before GC invocations=3 (full 0):
 PSYoungGen      total 36864K, used 33376K [0x00000000d6c00000, 0x00000000db400000, 0x0000000100000000)
  eden space 31744K, 100% used [0x00000000d6c00000,0x00000000d8b00000,0x00000000d8b00000)
  from space 5120K, 31% used [0x00000000d9000000,0x00000000d9198030,0x00000000d9500000)
  to   space 5120K, 0% used [0x00000000d8b00000,0x00000000d8b00000,0x00000000d9000000)
 ParOldGen       total 84992K, used 28097K [0x0000000084400000, 0x0000000089700000, 0x00000000d6c00000)
  object space 84992K, 33% used [0x0000000084400000,0x0000000085f706d0,0x0000000089700000)
 Metaspace       used 9771K, capacity 9970K, committed 10112K, reserved 1058816K
  class space    used 1044K, capacity 1113K, committed 1152K, reserved 1048576K
Event: 0.561 GC heap after
Heap after GC invocations=3 (full 0):
 PSYoungGen      total 36864K, used 1616K [0x00000000d6c00000, 0x00000000db400000, 0x0000000100000000)
  eden space 31744K, 0% used [0x00000000d6c00000,0x00000000d6c00000,0x00000000d8b00000)
  from space 5120K, 31% used [0x00000000d8b00000,0x00000000d8c94020,0x00000000d9000000)
  to   space 5120K, 0% used [0x00000000daf00000,0x00000000daf00000,0x00000000db400000)
 ParOldGen       total 84992K, used 28097K [0x0000000084400000, 0x0000000089700000, 0x00000000d6c00000)
  object space 84992K, 33% used [0x0000000084400000,0x0000000085f706d0,0x0000000089700000)
 Metaspace       used 9771K, capacity 9970K, committed 10112K, reserved 1058816K
  class space    used 1044K, capacity 1113K, committed 1152K, reserved 1048576K
}
Event: 0.623 GC heap before
{Heap before GC invocations=4 (full 0):
 PSYoungGen      total 36864K, used 33360K [0x00000000d6c00000, 0x00000000db400000, 0x0000000100000000)
  eden space 31744K, 100% used [0x00000000d6c00000,0x00000000d8b00000,0x00000000d8b00000)
  from space 5120K, 31% used [0x00000000d8b00000,0x00000000d8c94020,0x00000000d9000000)
  to   space 5120K, 0% used [0x00000000daf00000,0x00000000daf00000,0x00000000db400000)
 ParOldGen       total 84992K, used 28097K [0x0000000084400000, 0x0000000089700000, 0x00000000d6c00000)
  object space 84992K, 33% used [0x0000000084400000,0x0000000085f706d0,0x0000000089700000)
 Metaspace       used 9771K, capacity 9970K, committed 10112K, reserved 1058816K
  class space    used 1044K, capacity 1113K, committed 1152K, reserved 1048576K
Event: 0.624 GC heap after
Heap after GC invocations=4 (full 0):
 PSYoungGen      total 68608K, used 1616K [0x00000000d6c00000, 0x00000000db400000, 0x0000000100000000)
  eden space 63488K, 0% used [0x00000000d6c00000,0x00000000d6c00000,0x00000000daa00000)
  from space 5120K, 31% used [0x00000000daf00000,0x00000000db094040,0x00000000db400000)
  to   space 5120K, 0% used [0x00000000daa00000,0x00000000daa00000,0x00000000daf00000)
 ParOldGen       total 84992K, used 28097K [0x0000000084400000, 0x0000000089700000, 0x00000000d6c00000)
  object space 84992K, 33% used [0x0000000084400000,0x0000000085f706d0,0x0000000089700000)
 Metaspace       used 9771K, capacity 9970K, committed 10112K, reserved 1058816K
  class space    used 1044K, capacity 1113K, committed 1152K, reserved 1048576K
}
Event: 0.756 GC heap before
{Heap before GC invocations=5 (full 0):
 PSYoungGen      total 68608K, used 65104K [0x00000000d6c00000, 0x00000000db400000, 0x0000000100000000)
  eden space 63488K, 100% used [0x00000000d6c00000,0x00000000daa00000,0x00000000daa00000)
  from space 5120K, 31% used [0x00000000daf00000,0x00000000db094040,0x00000000db400000)
  to   space 5120K, 0% used [0x00000000daa00000,0x00000000daa00000,0x00000000daf00000)
 ParOldGen       total 84992K, used 28097K [0x0000000084400000, 0x0000000089700000, 0x00000000d6c00000)
  object space 84992K, 33% used [0x0000000084400000,0x0000000085f706d0,0x0000000089700000)
 Metaspace       used 9771K, capacity 9970K, committed 10112K, reserved 1058816K
  class space    used 1044K, capacity 1113K, committed 1152K, reserved 1048576K
Event: 0.757 GC heap after
Heap after GC invocations=5 (full 0):
 PSYoungGen      total 68608K, used 1648K [0x00000000d6c00000, 0x00000000dee00000, 0x0000000100000000)
  eden space 63488K, 0% used [0x00000000d6c00000,0x00000000d6c00000,0x00000000daa00000)
  from space 5120K, 32% used [0x00000000daa00000,0x00000000dab9c020,0x00000000daf00000)
  to   space 3072K, 0% used [0x00000000deb00000,0x00000000deb00000,0x00000000dee00000)
 ParOldGen       total 84992K, used 28097K [0x0000000084400000, 0x0000000089700000, 0x00000000d6c00000)
  object space 84992K, 33% used [0x0000000084400000,0x0000000085f706d0,0x0000000089700000)
 Metaspace       used 9771K, capacity 9970K, committed 10112K, reserved 1058816K
  class space    used 1044K, capacity 1113K, committed 1152K, reserved 1048576K
}
Event: 0.884 GC heap before
{Heap before GC invocations=6 (full 0):
 PSYoungGen      total 68608K, used 65136K [0x00000000d6c00000, 0x00000000dee00000, 0x0000000100000000)
  eden space 63488K, 100% used [0x00000000d6c00000,0x00000000daa00000,0x00000000daa00000)
  from space 5120K, 32% used [0x00000000daa00000,0x00000000dab9c020,0x00000000daf00000)
  to   space 3072K, 0% used [0x00000000deb00000,0x00000000deb00000,0x00000000dee00000)
 ParOldGen       total 84992K, used 28097K [0x0000000084400000, 0x0000000089700000, 0x00000000d6c00000)
  object space 84992K, 33% used [0x0000000084400000,0x0000000085f706d0,0x0000000089700000)
 Metaspace       used 9771K, capacity 9970K, committed 10112K, reserved 1058816K
  class space    used 1044K, capacity 1113K, committed 1152K, reserved 1048576K
Event: 0.886 GC heap after
Heap after GC invocations=6 (full 0):
 PSYoungGen      total 130048K, used 1584K [0x00000000d6c00000, 0x00000000dee00000, 0x0000000100000000)
  eden space 126976K, 0% used [0x00000000d6c00000,0x00000000d6c00000,0x00000000de800000)
  from space 3072K, 51% used [0x00000000deb00000,0x00000000dec8c020,0x00000000dee00000)
  to   space 3072K, 0% used [0x00000000de800000,0x00000000de800000,0x00000000deb00000)
 ParOldGen       total 84992K, used 28097K [0x0000000084400000, 0x0000000089700000, 0x00000000d6c00000)
  object space 84992K, 33% used [0x0000000084400000,0x0000000085f706d0,0x0000000089700000)
 Metaspace       used 9771K, capacity 9970K, committed 10112K, reserved 1058816K
  class space    used 1044K, capacity 1113K, committed 1152K, reserved 1048576K
}
Event: 1.265 GC heap before
{Heap before GC invocations=7 (full 0):
 PSYoungGen      total 130048K, used 120730K [0x00000000d6c00000, 0x00000000dee00000, 0x0000000100000000)
  eden space 126976K, 93% used [0x00000000d6c00000,0x00000000de05a9d0,0x00000000de800000)
  from space 3072K, 51% used [0x00000000deb00000,0x00000000dec8c020,0x00000000dee00000)
  to   space 3072K, 0% used [0x00000000de800000,0x00000000de800000,0x00000000deb00000)
 ParOldGen       total 84992K, used 28097K [0x0000000084400000, 0x0000000089700000, 0x00000000d6c00000)
  object space 84992K, 33% used [0x0000000084400000,0x0000000085f706d0,0x0000000089700000)
 Metaspace       used 11959K, capacity 12156K, committed 12544K, reserved 1060864K
  class space    used 1345K, capacity 1412K, committed 1536K, reserved 1048576K
Event: 1.269 GC heap after
Heap after GC invocations=7 (full 0):
 PSYoungGen      total 130048K, used 1389K [0x00000000d6c00000, 0x00000000e6a00000, 0x0000000100000000)
  eden space 126976K, 0% used [0x00000000d6c00000,0x00000000d6c00000,0x00000000de800000)
  from space 3072K, 45% used [0x00000000de800000,0x00000000de95b6e8,0x00000000deb00000)
  to   space 3072K, 0% used [0x00000000e6700000,0x00000000e6700000,0x00000000e6a00000)
 ParOldGen       total 84992K, used 29634K [0x0000000084400000, 0x0000000089700000, 0x00000000d6c00000)
  object space 84992K, 34% used [0x0000000084400000,0x00000000860f0930,0x0000000089700000)
 Metaspace       used 11959K, capacity 12156K, committed 12544K, reserved 1060864K
  class space    used 1345K, capacity 1412K, committed 1536K, reserved 1048576K
}

